2023-05-05 21:12:12 info: tempDirectory:c:\Users\BARADED\.vscode\extensions\embold-vscode.embold-0.1.4\temp
2023-05-05 21:12:12 info: Extraction complete for source: c:\Users\BARADED\.vscode\extensions\embold-vscode.embold-0.1.4\resources\embold-scanner-archive.zip, destination: c:\Users\BARADED\.vscode\extensions\embold-vscode.embold-0.1.4\temp
2023-05-05 21:12:12 info: Congratulations, your extension "Embold" is now active!
2023-05-05 21:12:36 info: file:///g%3A/%21%21%21%21%21%D0%9E%D0%91%D0%A3%D0%A7%D0%95%D0%9D%D0%98%D0%95/O_O_P/Home/HomeWork_2/cat.java
2023-05-05 21:12:37 error: SQLITE_ERROR: no such table: issues
2023-05-05 23:00:49 info: file:///g%3A/%21%21%21%21%21%D0%9E%D0%91%D0%A3%D0%A7%D0%95%D0%9D%D0%98%D0%95/O_O_P/Home/HomeWork_2/.git/t6UHiDl
2023-05-05 23:00:49 error: SQLITE_ERROR: no such table: issues
2023-05-05 23:01:02 info: file:///g%3A/%21%21%21%21%21%D0%9E%D0%91%D0%A3%D0%A7%D0%95%D0%9D%D0%98%D0%95/O_O_P/Home/HomeWork_2/.git/index.lock
2023-05-05 23:01:02 error: SQLITE_ERROR: no such table: issues
2023-05-05 23:01:08 info: file:///g%3A/%21%21%21%21%21%D0%9E%D0%91%D0%A3%D0%A7%D0%95%D0%9D%D0%98%D0%95/O_O_P/Home/HomeWork_2/.git/index.lock
2023-05-05 23:01:08 error: SQLITE_ERROR: no such table: issues
2023-05-05 23:02:39 info: file:///g%3A/%21%21%21%21%21%D0%9E%D0%91%D0%A3%D0%A7%D0%95%D0%9D%D0%98%D0%95/O_O_P/Home/HomeWork_2/.git/index.lock
2023-05-05 23:02:39 error: SQLITE_ERROR: no such table: issues
2023-05-05 23:03:52 info: file:///g%3A/%21%21%21%21%21%D0%9E%D0%91%D0%A3%D0%A7%D0%95%D0%9D%D0%98%D0%95/O_O_P/Home/HomeWork_2/.git/logs/refs/heads/master
2023-05-05 23:03:52 error: SQLITE_ERROR: no such table: issues
2023-05-05 23:03:52 info: file:///g%3A/%21%21%21%21%21%D0%9E%D0%91%D0%A3%D0%A7%D0%95%D0%9D%D0%98%D0%95/O_O_P/Home/HomeWork_2/.git/refs/heads/master
2023-05-05 23:03:52 error: SQLITE_ERROR: no such table: issues
2023-05-05 23:04:04 info: file:///g%3A/%21%21%21%21%21%D0%9E%D0%91%D0%A3%D0%A7%D0%95%D0%9D%D0%98%D0%95/O_O_P/Home/HomeWork_2/.git/config.lock
2023-05-05 23:04:04 error: SQLITE_ERROR: no such table: issues
2023-05-05 23:42:11 info: file:///g%3A/%21%21%21%21%21%D0%9E%D0%91%D0%A3%D0%A7%D0%95%D0%9D%D0%98%D0%95/O_O_P/Home/HomeWork_2/.git/index.lock
2023-05-05 23:42:11 error: SQLITE_ERROR: no such table: issues
